"../../../Engine/Content/EditorResources/S_Actor.uasset" 0
"../../../Engine/Content/EngineFonts/Roboto.uasset" 1
"../../../Engine/Content/Functions/Engine_MaterialFunctions01/Shading/PowerToRoughness.uasset" 2
"../../../Engine/Content/Functions/Engine_MaterialFunctions01/Shading/ConvertFromDiffSpec.uasset" 3
"../../../Engine/Content/EngineMaterials/DefaultDiffuse.uasset" 4
"../../../Engine/Content/EngineMaterials/DefaultDeferredDecalMaterial.uasset" 5
"../../../Engine/Content/EngineMaterials/DefaultLightFunctionMaterial.uasset" 6
"../../../Engine/Content/Functions/Engine_MaterialFunctions02/Utility/BreakOutFloat2Components.uasset" 7
"../../../Engine/Content/EngineMaterials/DefaultPostProcessMaterial.uasset" 8
"../../../Engine/Content/EngineResources/DefaultTexture.uasset" 9
"../../../Engine/Content/Functions/Engine_MaterialFunctions01/Texturing/ScaleUVsByCenter.uasset" 10
"../../../Engine/Content/Functions/Engine_MaterialFunctions02/ScreenResolution.uasset" 11
"../../../Engine/Content/Functions/Engine_MaterialFunctions02/Texturing/ScreenAlignedUVs.uasset" 12
"../../../Engine/Content/EngineResources/WhiteSquareTexture.uasset" 13
"../../../Engine/Content/EngineMaterials/Widget3DPassThrough.uasset" 14
"../../../Engine/Content/EngineMaterials/Widget3DPassThrough_Translucent.uasset" 15
"../../../Engine/Content/EngineMaterials/Widget3DPassThrough_Translucent_OneSided.uasset" 16
"../../../Engine/Content/EngineMaterials/Widget3DPassThrough_Opaque.uasset" 17
"../../../Engine/Content/EngineMaterials/Widget3DPassThrough_Opaque_OneSided.uasset" 18
"../../../Engine/Content/EngineMaterials/Widget3DPassThrough_Masked.uasset" 19
"../../../Engine/Content/EngineMaterials/Widget3DPassThrough_Masked_OneSided.uasset" 20
"../../../Engine/Content/Maps/Templates/Thumbnails/Default.uasset" 21
"../../../Engine/Content/EditorMaterials/ParticleSystems/PSysThumbnail_NoImage.uasset" 22
"../../../Engine/Content/EditorMaterials/ParticleSystems/PSysThumbnail_OOD.uasset" 23
"../../../Engine/Content/EditorLandscapeResources/DataLayer.uasset" 24
"../../../Engine/Content/EngineDamageTypes/DmgTypeBP_Environmental.uasset" 25
"../../../Engine/Content/EngineMeshes/Sphere.uasset" 26
"../../../Engine/Content/EngineFonts/RobotoDistanceField.uasset" 27
"../../../Engine/Content/EngineMaterials/DefaultTextMaterialOpaque.uasset" 28
"../../../Engine/Content/EditorResources/S_Trigger.uasset" 29
"../../../Engine/Content/EngineResources/GradientTexture0.uasset" 30
"../../../Engine/Content/EngineResources/Black.uasset" 31
"../../../Test2D/Content/Blueprints/HuD/Default__UserInterfaceSettings_ExternalCurve.uasset" 32
"../../../Engine/Content/EditorMaterials/MatineeGroups/MAT_Groups_Float.uasset" 33
"../../../Engine/Content/EditorMaterials/MatineeGroups/MAT_Groups_Director.uasset" 34
"../../../Engine/Content/EditorMaterials/MatineeGroups/MAT_Groups_Event.uasset" 35
"../../../Engine/Content/EditorMaterials/MatineeGroups/MAT_Groups_Anim.uasset" 36
"../../../Engine/Content/EditorMaterials/MatineeGroups/MAT_Groups_Fade.uasset" 37
"../../../Engine/Content/EditorMaterials/MatineeGroups/MAT_Groups_Move.uasset" 38
"../../../Engine/Content/EditorMaterials/MatineeGroups/MAT_Groups_Slomo.uasset" 39
"../../../Engine/Content/EditorMaterials/MatineeGroups/MAT_ColorTrack.uasset" 40
"../../../Engine/Content/EditorMaterials/MAT_Groups_Toggle.uasset" 41
"../../../Engine/Content/EditorMaterials/MatineeGroups/MAT_Groups_AudioMaster.uasset" 42
"../../../Engine/Content/EditorMaterials/MatineeGroups/MAT_Groups_Sound.uasset" 43
"../../../Engine/Content/EditorMaterials/MatineeGroups/MAT_Groups_Vector.uasset" 44
"../../../Engine/Content/EditorMaterials/MAT_Groups_Visibility.uasset" 45
"../../../Engine/Content/EngineResources/DefaultTextureCube.uasset" 46
"../../../Engine/Content/Functions/Engine_MaterialFunctions01/Opacity/CameraDepthFade.uasset" 47
"../../../Engine/Content/EngineMaterials/T_Default_Material_Grid_M.uasset" 48
"../../../Engine/Content/EngineMaterials/T_Default_Material_Grid_N.uasset" 49
"../../../Engine/Content/EngineMaterials/DefaultMaterial.uasset" 50
"../../../Engine/Content/EngineMeshes/Cylinder.uasset" 51
"../../../Engine/Content/EngineTireTypes/DefaultTireType.uasset" 52
"../../../Engine/Content/Tutorial/Basics/TutorialAssets/icon_tab_Levels_40x.uasset" 53
"../../../Engine/Content/Tutorial/Mobile/TutorialAssets/IOS.uasset" 54
"../../../Engine/Content/Tutorial/ContentIntroCurve.uasset" 55
"../../../Engine/Plugins/2D/Paper2D/Content/DefaultSpriteMaterial.uasset" 56
"../../../Engine/Plugins/2D/Paper2D/Content/MaskedUnlitSpriteMaterial.uasset" 57
"../../../Engine/Plugins/2D/Paper2D/Content/OpaqueUnlitSpriteMaterial.uasset" 58
"../../../Engine/Plugins/2D/Paper2D/Content/DummySprite.uasset" 59
"../../../Engine/Plugins/2D/Paper2D/Content/DefaultPaperTerrainMaterial.uasset" 60
"../../../Test2D/Content/Assets/Textures/Character.uasset" 61
"../../../Test2D/Content/Assets/Sprites/Character_Sprite_10.uasset" 62
"../../../Test2D/Content/Assets/Sprites/Character_Sprite_8.uasset" 63
"../../../Test2D/Content/Assets/Sprites/Character_Sprite_9.uasset" 64
"../../../Test2D/Content/Assets/Flipbooks/Walking.uasset" 65
"../../../Test2D/Content/Assets/Sprites/Character_Sprite_4.uasset" 66
"../../../Test2D/Content/Assets/Flipbooks/Falling.uasset" 67
"../../../Test2D/Content/Assets/Sprites/Character_Sprite_22.uasset" 68
"../../../Test2D/Content/Assets/Flipbooks/Dead.uasset" 69
"../../../Engine/Content/EngineMaterials/RemoveSurfaceMaterial.uasset" 70
"../../../Engine/Content/EngineDebugMaterials/DebugMeshMaterial.uasset" 71
"../../../Engine/Content/EngineMaterials/InvalidLightmapSettings.uasset" 72
"../../../Engine/Content/EngineMaterials/M_InvalidLightmapSettings.uasset" 73
"../../../Engine/Content/EditorMaterials/GizmoMaterial.uasset" 74
"../../../Engine/Content/EngineMaterials/Good64x64TilingNoiseHighFreq.uasset" 75
"../../../Engine/Content/EngineMaterials/DefaultBokeh.uasset" 76
"../../../Engine/Content/EngineMaterials/PreintegratedSkinBRDF.uasset" 77
"../../../Engine/Content/EngineMaterials/MiniFont.uasset" 78
"../../../Engine/Content/EngineMaterials/WeightMapPlaceholderTexture.uasset" 79
"../../../Engine/Content/EngineMaterials/DefaultWhiteGrid.uasset" 80
"../../../Engine/Content/EngineMaterials/DefaultPhysicalMaterial.uasset" 81
"../../../Engine/Content/EngineFonts/RobotoTiny.uasset" 82
"../../../Engine/Content/EngineResources/AICON-Red.uasset" 83
"../../../Engine/Content/EngineResources/AICON-Green.uasset" 84
"../../../Engine/Content/MobileResources/T_MobileControls_texture.uasset" 85
"../../../Engine/Content/MobileResources/HUD/MobileHUDButton3.uasset" 86
"../../../Engine/Content/MobileResources/HUD/MobileHUDDirectionPad2.uasset" 87
"../../../Engine/Content/MobileResources/HUD/MobileHUDButton1_on.uasset" 88
"../../../Engine/Content/MobileResources/HUD/MobileHUDDirectionStick.uasset" 89
"../../../Test2D/Content/StarterContent/Textures/T_Explosion_SubUV.uasset" 90
"../../../Test2D/Content/StarterContent/Particles/Materials/M_explosion_subUV.uasset" 91
"../../../Test2D/Content/StarterContent/Particles/Materials/m_flare_01.uasset" 92
"../../../Test2D/Content/StarterContent/Textures/T_Smoke_SubUV.uasset" 93
"../../../Test2D/Content/StarterContent/Textures/T_Smoke_Tiled_D.uasset" 94
"../../../Test2D/Content/StarterContent/Particles/Materials/M_smoke_subUV.uasset" 95
"../../../Engine/Content/MobileResources/HUD/MobileHUDButton2_off.uasset" 96
"../../../Engine/Content/MobileResources/HUD/T_Castle_ThumbstickInner.uasset" 97
"../../../Engine/Content/MobileResources/T_MobileMenu2.uasset" 98
"../../../Engine/Content/MobileResources/HUD/VirtualJoystick_Background.uasset" 99
"../../../Engine/Content/MobileResources/HUD/VirtualJoystick_Thumb.uasset" 100
"../../../Engine/Content/MobileResources/HUD/LeftVirtualJoystickOnly.uasset" 101
"../../../Engine/Content/MobileResources/HUD/MobileHUDButtonFire.uasset" 102
"../../../Engine/Content/MobileResources/HUD/MobileHUDDirectionPad3.uasset" 103
"../../../Engine/Content/MobileResources/HUD/T_Castle_ThumbstickOutter.uasset" 104
"../../../Test2D/Content/Assets/Textures/Tiles.uasset" 105
"../../../Test2D/Content/Assets/Obstacles/Tiles_Sprite_9.uasset" 106
"../../../Engine/Content/MobileResources/HUD/MobileHUDButton2_on.uasset" 107
"../../../Test2D/Content/Assets/Textures/jellyblob.uasset" 108
"../../../Test2D/Content/Assets/Sprites/jellyblob_Sprite.uasset" 109
"../../../Test2D/Content/Assets/Flipbooks/JellyBlob.uasset" 110
"../../../Test2D/Content/Assets/Fonts/NewFont.uasset" 111
"../../../Test2D/Content/Assets/Obstacles/Tiles_Sprite_0.uasset" 112
"../../../Test2D/Content/Assets/Obstacles/Tiles_Sprite_1.uasset" 113
"../../../Test2D/Content/Assets/Obstacles/Tiles_Sprite_10.uasset" 114
"../../../Test2D/Content/Assets/Obstacles/Tiles_Sprite_11.uasset" 115
"../../../Test2D/Content/Assets/Obstacles/Tiles_Sprite_12.uasset" 116
"../../../Test2D/Content/Assets/Obstacles/Tiles_Sprite_13.uasset" 117
"../../../Test2D/Content/Assets/Obstacles/Tiles_Sprite_14.uasset" 118
"../../../Test2D/Content/Assets/Obstacles/Tiles_Sprite_15.uasset" 119
"../../../Test2D/Content/Assets/Obstacles/Tiles_Sprite_16.uasset" 120
"../../../Test2D/Content/Assets/Obstacles/Tiles_Sprite_17.uasset" 121
"../../../Engine/Content/EditorMaterials/PhAT_JointLimitMaterial.uasset" 122
"../../../Engine/Content/EditorMaterials/PreviewShadowIndicator.uasset" 123
"../../../Engine/Content/EditorMaterials/PreviewShadowIndicatorMaterial.uasset" 124
"../../../Engine/Content/EditorMeshes/ColorCalibrator/M_ChromeBall.uasset" 125
"../../../Engine/Content/EditorMeshes/ColorCalibrator/M_ClearCoat.uasset" 126
"../../../Engine/Content/EditorMeshes/ColorCalibrator/M_ClearCoatBlack.uasset" 127
"../../../Engine/Content/EditorMeshes/ColorCalibrator/T_ColorGrid.uasset" 128
"../../../Engine/Content/EditorMeshes/ColorCalibrator/M_ColorGrid.uasset" 129
"../../../Engine/Content/EditorMeshes/ColorCalibrator/M_GreyBall.uasset" 130
"../../../Engine/Content/EditorMeshes/ColorCalibrator/SM_ColorCalibrator.uasset" 131
"../../../Engine/Content/EditorResources/BSPVertex.uasset" 132
"../../../Engine/Content/EditorResources/EmptyActor.uasset" 133
"../../../Engine/Content/EngineDebugMaterials/HeatmapGradient.uasset" 134
"../../../Engine/Content/EngineDebugMaterials/BoneWeightMaterial.uasset" 135
"../../../Engine/Content/EngineDebugMaterials/GeomMaterial.uasset" 136
"../../../Engine/Content/EngineMaterials/EditorBrushMaterial.uasset" 137
"../../../Engine/Content/EngineMeshes/Cube.uasset" 138
"../../../Engine/Content/MobileResources/HUD/AnalogHat.uasset" 139
"../../../Engine/Content/MobileResources/HUD/DefaultVirtualJoysticks.uasset" 140
"../../../Engine/Content/MobileResources/HUD/MobileHUDButton1_off.uasset" 141
"../../../Engine/Content/MobileResources/HUD/MobileHUDDirectionPad.uasset" 142
"../../../Engine/Content/Tutorial/BlueprintTutorials/TutorialAssets/BlueprintInterface_64x.uasset" 143
"../../../Engine/Content/Tutorial/BlueprintTutorials/TutorialAssets/BlueprintMacroLibrary_64x.uasset" 144
"../../../Engine/Content/Tutorial/BlueprintTutorials/TutorialAssets/Blueprint_64x.uasset" 145
"../../../Engine/Content/Tutorial/BlueprintTutorials/TutorialAssets/Tutorial_BP_Interface.uasset" 146
"../../../Engine/Content/Tutorial/Foliage/TutorialAssets/Foliage.uasset" 147
"../../../Engine/Content/Tutorial/Landscape/TutorialAssets/Landscape.uasset" 148
"../../../Engine/Content/Tutorial/Paper2D/TutorialAssets/Paper2DFlipbook_TutorialIcon.uasset" 149
"../../../Engine/Content/Tutorial/Paper2D/TutorialAssets/Paper2DSprite_TutorialIcon.uasset" 150
"../../../Engine/Content/Tutorial/SubEditors/TutorialAssets/icon_Editor_Preferences_General_40x.uasset" 151
"../../../Engine/Content/Tutorial/SubEditors/TutorialAssets/icon_ShowSkeletalMeshes_40x.uasset" 152
"../../../Engine/Content/Tutorial/SubEditors/TutorialAssets/TutorialMaterial.uasset" 153
"../../../Engine/Content/Tutorial/SubEditors/TutorialAssets/T_SmokeSubUV_8X8.uasset" 154
"../../../Engine/Content/Tutorial/SubEditors/TutorialAssets/T_soft_smoke.uasset" 155
"../../../Engine/Content/Tutorial/SubEditors/TutorialAssets/M_smoke_subUV_blackbody.uasset" 156
"../../../Engine/Content/Tutorial/SubEditors/TutorialAssets/TutorialParticleSystem.uasset" 157
"../../../Engine/Content/EngineMaterials/WorldGridMaterial.uasset" 158
"../../../Engine/Content/Tutorial/SubEditors/TutorialAssets/Tutorial_DM.uasset" 159
"../../../Test2D/Content/Assets/Obstacles/Tiles_Sprite_18.uasset" 160
"../../../Test2D/Content/Assets/Obstacles/Tiles_Sprite_19.uasset" 161
"../../../Test2D/Content/Assets/Obstacles/Tiles_Sprite_2.uasset" 162
"../../../Test2D/Content/Assets/Obstacles/Tiles_Sprite_20.uasset" 163
"../../../Test2D/Content/Assets/Obstacles/Tiles_Sprite_21.uasset" 164
"../../../Test2D/Content/Assets/Obstacles/Tiles_Sprite_22.uasset" 165
"../../../Test2D/Content/Assets/Obstacles/Tiles_Sprite_23.uasset" 166
"../../../Test2D/Content/Assets/Obstacles/Tiles_Sprite_24.uasset" 167
"../../../Test2D/Content/Assets/Obstacles/Tiles_Sprite_25.uasset" 168
"../../../Test2D/Content/Assets/Obstacles/Tiles_Sprite_26.uasset" 169
"../../../Test2D/Content/Assets/Obstacles/Tiles_Sprite_27.uasset" 170
"../../../Test2D/Content/Assets/Obstacles/Tiles_Sprite_28.uasset" 171
"../../../Test2D/Content/Assets/Obstacles/Tiles_Sprite_29.uasset" 172
"../../../Test2D/Content/Assets/Obstacles/Tiles_Sprite_3.uasset" 173
"../../../Test2D/Content/Assets/Obstacles/Tiles_Sprite_30.uasset" 174
"../../../Test2D/Content/Assets/Obstacles/Tiles_Sprite_31.uasset" 175
"../../../Test2D/Content/Assets/Obstacles/Tiles_Sprite_32.uasset" 176
"../../../Test2D/Content/Assets/Obstacles/Tiles_Sprite_33.uasset" 177
"../../../Test2D/Content/Assets/Obstacles/Tiles_Sprite_34.uasset" 178
"../../../Test2D/Content/Assets/Obstacles/Tiles_Sprite_35.uasset" 179
"../../../Test2D/Content/Assets/Obstacles/Tiles_Sprite_36.uasset" 180
"../../../Test2D/Content/Assets/Obstacles/Tiles_Sprite_37.uasset" 181
"../../../Test2D/Content/Assets/Obstacles/Tiles_Sprite_38.uasset" 182
"../../../Test2D/Content/Assets/Obstacles/Tiles_Sprite_39.uasset" 183
"../../../Test2D/Content/Assets/Obstacles/Tiles_Sprite_4.uasset" 184
"../../../Test2D/Content/Assets/Obstacles/Tiles_Sprite_5.uasset" 185
"../../../Test2D/Content/Assets/Obstacles/Tiles_Sprite_6.uasset" 186
"../../../Engine/Plugins/2D/Paper2D/Content/TranslucentUnlitSpriteMaterial.uasset" 187
"../../../Test2D/Content/Assets/Obstacles/Tiles_Sprite_7.uasset" 188
"../../../Test2D/Content/Assets/Obstacles/Tiles_Sprite_8.uasset" 189
"../../../Test2D/Content/Assets/Textures/Particle.uasset" 190
"../../../Test2D/Content/Assets/Materials/BulletStreak_Mat.uasset" 191
"../../../Test2D/Content/Assets/Materials/BulletStreak_MatInstance.uasset" 192
"../../../Test2D/Content/Assets/ParticleSystems/Ribbons/P_BulletTrail_Ribbon.uasset" 193
"../../../Test2D/Content/Assets/ParticleSystems/Ribbons/P_BulletWisps_Ribbon.uasset" 194
"../../../Test2D/Content/Assets/Sprites/Character_Sprite_0.uasset" 195
"../../../Test2D/Content/Assets/Sprites/Character_Sprite_1.uasset" 196
"../../../Test2D/Content/Assets/Sprites/Character_Sprite_11.uasset" 197
"../../../Test2D/Content/Assets/Sprites/Character_Sprite_12.uasset" 198
"../../../Test2D/Content/Assets/Sprites/Character_Sprite_13.uasset" 199
"../../../Test2D/Content/Assets/Sprites/Character_Sprite_14.uasset" 200
"../../../Test2D/Content/Assets/Sprites/Character_Sprite_15.uasset" 201
"../../../Test2D/Content/Assets/Sprites/Character_Sprite_17.uasset" 202
"../../../Test2D/Content/Assets/Sprites/Character_Sprite_19.uasset" 203
"../../../Test2D/Content/Assets/Sprites/Character_Sprite_20.uasset" 204
"../../../Test2D/Content/Assets/Sprites/Character_Sprite_21.uasset" 205
"../../../Test2D/Content/Assets/Sprites/Character_Sprite_5.uasset" 206
"../../../Test2D/Content/Assets/Sprites/Character_Sprite_7.uasset" 207
"../../../Test2D/Content/Assets/Textures/T_Dot.uasset" 208
"../../../Test2D/Content/Assets/Sprites/T_Dot_Sprite.uasset" 209
"../../../Test2D/Content/Assets/Textures/T_Flame.uasset" 210
"../../../Test2D/Content/Assets/Sprites/T_Flame_Sprite.uasset" 211
"../../../Test2D/Content/Assets/Textures/T_Sparkle.uasset" 212
"../../../Test2D/Content/Assets/Sprites/T_Sparkle_Sprite.uasset" 213
"../../../Test2D/Content/Assets/Textures/T_Square.uasset" 214
"../../../Test2D/Content/Assets/Sprites/Character_Sprite_2.uasset" 215
"../../../Test2D/Content/Assets/Flipbooks/Idle.uasset" 216
"../../../Test2D/Content/Blueprints/CharacterFlipBook.uasset" 217
"../../../Test2D/Content/Blueprints/GameData/BP_Test2DGameInstance.uasset" 218
"../../../Test2D/Content/Assets/Textures/Shuriken.uasset" 219
"../../../Test2D/Content/Blueprints/Items/Equippable_TestItem.uasset" 220
"../../../Test2D/Content/Blueprints/Skills/Player_Skills/Util_Skills/BP_TestSuperSkill.uasset" 221
"../../../Engine/Content/EditorBlueprintResources/StandardMacros.uasset" 222
"../../../Test2D/Content/Blueprints/Statuses/BP_Status_Bleed.uasset" 223
"../../../Test2D/Content/Blueprints/Statuses/BP_Status_Explosion.uasset" 224
"../../../Test2D/Content/Blueprints/Character/AI/BP_AiController.uasset" 225
"../../../Test2D/Content/Blueprints/GameData/BP_Test2DGameState.uasset" 226
"../../../Engine/Content/EditorBlueprintResources/ActorMacros.uasset" 227
"../../../Test2D/Content/Blueprints/HuD/BP_2DCamera.uasset" 228
"../../../Test2D/Content/Assets/Textures/Kunai.uasset" 229
"../../../Test2D/Content/Assets/Sprites/Kunai_Sprite.uasset" 230
"../../../Test2D/Content/Assets/Flipbooks/Kunai_Flipbook.uasset" 231
"../../../Test2D/Content/Assets/ParticleSystems/P_BulletTrail_NoRibbon.uasset" 232
"../../../Test2D/Content/StarterContent/Textures/T_Burst_M.uasset" 233
"../../../Test2D/Content/StarterContent/Particles/Materials/M_Burst.uasset" 234
"../../../Engine/Content/Functions/Engine_MaterialFunctions01/Gradient/RadialGradient.uasset" 235
"../../../Test2D/Content/StarterContent/Particles/Materials/M_radial_ramp.uasset" 236
"../../../Test2D/Content/StarterContent/Particles/P_Explosion.uasset" 237
"../../../Test2D/Content/Blueprints/Projectiles/BP_Projectile_ExplosiveKunai.uasset" 238
"../../../Test2D/Content/Assets/Sprites/Character_Sprite_23.uasset" 239
"../../../Test2D/Content/Assets/Flipbooks/Throw.uasset" 240
"../../../Test2D/Content/Assets/ParticleSystems/P_Hit_Explosion2.uasset" 241
"../../../Test2D/Content/Blueprints/Skills/Player_Skills/BP_Skill_ExplosiveKunai.uasset" 242
"../../../Test2D/Content/Assets/Sprites/Shuriken_Sprite.uasset" 243
"../../../Test2D/Content/Assets/Flipbooks/Shuriken_Flipbook.uasset" 244
"../../../Test2D/Content/Assets/ParticleSystems/P_BulletWisps_NoRibbon.uasset" 245
"../../../Test2D/Content/Blueprints/Projectiles/BP_Projectile_Shuriken.uasset" 246
"../../../Test2D/Content/Blueprints/Statuses/BP_Bloodrazor.uasset" 247
"../../../Test2D/Content/Blueprints/Statuses/BP_Status_Vamp.uasset" 248
"../../../Test2D/Content/Blueprints/Skills/Player_Skills/BP_Skill_MultiShuriken.uasset" 249
"../../../Test2D/Content/Assets/Textures/T_Shot_00.uasset" 250
"../../../Test2D/Content/Assets/Sprites/T_Shot_00_Sprite.uasset" 251
"../../../Test2D/Content/Assets/Textures/T_Shot_01.uasset" 252
"../../../Test2D/Content/Assets/Sprites/T_Shot_01_Sprite.uasset" 253
"../../../Test2D/Content/Assets/Flipbooks/Bullet.uasset" 254
"../../../Test2D/Content/Blueprints/Projectiles/BP_AllyProjectile.uasset" 255
"../../../Test2D/Content/Blueprints/Statuses/BP_Status_3Hit.uasset" 256
"../../../Test2D/Content/Blueprints/Skills/Ally_Skills/BP_AllySkill.uasset" 257
"../../../Engine/Plugins/2D/Paper2D/Content/PlaceholderTextures/DummySpriteTexture.uasset" 258
"../../../Engine/Plugins/2D/Paper2D/Content/PlaceholderTextures/FlatNormalMap.uasset" 259
"../../../Engine/Plugins/2D/Paper2D/Content/DefaultLitSpriteMaterial.uasset" 260
"../../../Engine/Plugins/2D/Paper2D/Content/MaskedLitSpriteMaterial.uasset" 261
"../../../Test2D/Content/Assets/Textures/floatyeye.uasset" 262
"../../../Test2D/Content/Assets/Sprites/floatyeye_Sprite.uasset" 263
"../../../Test2D/Content/Assets/Flipbooks/floatyeye_Flipbook.uasset" 264
"../../../Test2D/Content/Blueprints/Statuses/BP_Status_FloatEye.uasset" 265
"../../../Test2D/Content/Blueprints/Skills/Player_Skills/Buff_Skills/BP_Skill_FloatEye.uasset" 266
"../../../Test2D/Content/Blueprints/Statuses/BP_Status_ShadowPartner.uasset" 267
"../../../Test2D/Content/Blueprints/Skills/Player_Skills/Buff_Skills/BP_Skill_ShadowPartner.uasset" 268
"../../../Test2D/Content/Blueprints/Statuses/BP_Status_Thornmail.uasset" 269
"../../../Test2D/Content/Blueprints/Statuses/BP_Status_Unshakable.uasset" 270
"../../../Test2D/Content/Blueprints/Skills/Player_Skills/Buff_Skills/BP_Skill_Thornmail.uasset" 271
"../../../Test2D/Content/Blueprints/Statuses/BP_Status_Evade.uasset" 272
"../../../Test2D/Content/Blueprints/Statuses/BP_Status_StackingDamage.uasset" 273
"../../../Test2D/Content/Blueprints/Statuses/BP_Status_TestEvadePassive.uasset" 274
"../../../Test2D/Content/Blueprints/Skills/Player_Skills/Dodge_Skills/BP_Skill_Dodge.uasset" 275
"../../../Test2D/Content/Assets/Sprites/Character_Sprite_6.uasset" 276
"../../../Test2D/Content/Assets/Flipbooks/Dodge.uasset" 277
"../../../Test2D/Content/Blueprints/Skills/Player_Skills/Util_Skills/BP_Skill_Dropkick.uasset" 278
"../../../Test2D/Content/Assets/Sprites/Character_Sprite_16.uasset" 279
"../../../Test2D/Content/Assets/Flipbooks/Jumping.uasset" 280
"../../../Test2D/Content/Blueprints/Skills/Player_Skills/Util_Skills/BP_Skill_Uppercut.uasset" 281
"../../../Test2D/Content/Blueprints/Projectiles/BP_GrapplingHook.uasset" 282
"../../../Test2D/Content/Blueprints/Skills/Player_Skills/Util_Skills/BP_TestSkill_Grapple.uasset" 283
"../../../Test2D/Content/Blueprints/Character/Player/BP_Player_Character.uasset" 284
"../../../Test2D/Content/Assets/Textures/HpBar.uasset" 285
"../../../Test2D/Content/Blueprints/HuD/TestRuntimeFont.uasset" 286
"../../../Test2D/Content/Blueprints/HuD/BP_OutlineFont.uasset" 287
"../../../Test2D/Content/Blueprints/HuD/HPBar/BP_HpBars.uasset" 288
"../../../Test2D/Content/Assets/Textures/PlaceholderSkillIcon.uasset" 289
"../../../Test2D/Content/Assets/Textures/Skill_Empty.uasset" 290
"../../../Test2D/Content/Blueprints/HuD/Skill/BP_StatModifierTooltip.uasset" 291
"../../../Test2D/Content/Blueprints/HuD/Skill/BP_PlayerStatToolTip.uasset" 292
"../../../Test2D/Content/Blueprints/HuD/Skill/BP_StatusDescription.uasset" 293
"../../../Test2D/Content/Blueprints/HuD/BP_StatusIcon.uasset" 294
"../../../Test2D/Content/Blueprints/HuD/BP_InventorySlot.uasset" 295
"../../../Test2D/Content/Blueprints/HuD/BP_InventoryWidget.uasset" 296
"../../../Test2D/Content/Blueprints/HuD/Skill/BP_SkillStatusTypeSpacer.uasset" 297
"../../../Test2D/Content/Blueprints/HuD/Skill/BP_SkillDescription.uasset" 298
"../../../Test2D/Content/Blueprints/HuD/Skill/BP_SkillIcon.uasset" 299
"../../../Test2D/Content/Assets/Textures/Crosshair.uasset" 300
"../../../Test2D/Content/Blueprints/HuD/BP_2DHuD_Widget2.uasset" 301
"../../../Test2D/Content/Blueprints/HuD/BP_2DHuD.uasset" 302
"../../../Test2D/Content/Blueprints/HuD/DmgText/BP_DmgTxtTest.uasset" 303
"../../../Test2D/Content/Blueprints/HuD/DmgText/BP_DamageTextActor.uasset" 304
"../../../Test2D/Content/Blueprints/Character/Player/BP_PlayerController.uasset" 305
"../../../Test2D/Content/Assets/Sprites/Character_Sprite_18.uasset" 306
"../../../Test2D/Content/Assets/Flipbooks/WallSlide.uasset" 307
"../../../Test2D/Content/Blueprints/Character/BP_2DCharacter.uasset" 308
"../../../Test2D/Content/Blueprints/Character/AI/BP_AI_Character.uasset" 309
"../../../Test2D/Content/Blueprints/GameData/BP_Test2DPlayerState.uasset" 310
"../../../Test2D/Content/Blueprints/GameData/BP_Test2DGameMode.uasset" 311
"../../../Test2D/Content/Assets/Textures/Lantern.uasset" 312
"../../../Test2D/Content/Assets/Sprites/Lantern_Sprite.uasset" 313
"../../../Test2D/Content/Assets/Flipbooks/Lantern_Flipbook.uasset" 314
"../../../Test2D/Content/Blueprints/Objects/BP_Lantern.uasset" 315
"../../../Test2D/Content/Assets/TileSet/Tiles_TileSet.uasset" 316
"../../../Test2D/Content/Maps/Test2DTileMap.uasset" 317
"../../../Test2D/Content/Maps/Test2DMap.umap" 318
"../../../Test2D/Content/Maps/BP_EntryGameMode.uasset" 319
"../../../Test2D/Content/Maps/BP_EntryWidget.uasset" 320
"../../../Test2D/Content/Maps/EntryLevel.umap" 321
